2017-08-31 at 17:34:35 CST FATAL person.dh.log4j.Log4j2Test 9 main - fatal level
2017-08-31 at 17:34:35 CST ERROR person.dh.log4j.Log4j2Test 10 main - error level
2017-08-31 at 17:34:35 CST WARN  person.dh.log4j.Log4j2Test 11 main - warn level
2017-08-31 at 17:34:35 CST INFO  person.dh.log4j.Log4j2Test 12 main - info level
2017-08-31 at 17:34:35 CST DEBUG person.dh.log4j.Log4j2Test 13 main - debug level
2017-08-31 at 17:34:35 CST TRACE person.dh.log4j.Log4j2Test 14 main - trace level
2017-08-31 at 17:41:10 CST FATAL person.dh.log4j.Log4j2Test 9 main - fatal level
2017-08-31 at 17:41:10 CST ERROR person.dh.log4j.Log4j2Test 10 main - error level
2017-08-31 at 17:41:10 CST WARN  person.dh.log4j.Log4j2Test 11 main - warn level
2017-08-31 at 17:41:10 CST INFO  person.dh.log4j.Log4j2Test 12 main - info level
2017-08-31 at 17:41:10 CST DEBUG person.dh.log4j.Log4j2Test 13 main - debug level
2017-08-31 at 17:41:10 CST TRACE person.dh.log4j.Log4j2Test 14 main - trace level
2017-08-31 at 17:41:33 CST FATAL person.dh.log4j.Log4j2Test 9 main - fatal level
2017-08-31 at 17:41:33 CST ERROR person.dh.log4j.Log4j2Test 10 main - error level
2017-08-31 at 17:41:33 CST WARN  person.dh.log4j.Log4j2Test 11 main - warn level
2017-08-31 at 17:41:33 CST INFO  person.dh.log4j.Log4j2Test 12 main - info level
2017-08-31 at 17:41:33 CST DEBUG person.dh.log4j.Log4j2Test 13 main - debug level
2017-08-31 at 17:41:33 CST TRACE person.dh.log4j.Log4j2Test 14 main - trace level
2017-08-31 at 17:41:59 CST FATAL person.dh.log4j.Log4j2Test 9 main - fatal level
2017-08-31 at 17:42:05 CST ERROR person.dh.log4j.Log4j2Test 10 main - error level
2017-08-31 at 17:42:06 CST WARN  person.dh.log4j.Log4j2Test 11 main - warn level
2017-08-31 at 17:42:07 CST INFO  person.dh.log4j.Log4j2Test 12 main - info level
2017-08-31 at 17:42:08 CST DEBUG person.dh.log4j.Log4j2Test 13 main - debug level
2017-08-31 at 17:42:10 CST TRACE person.dh.log4j.Log4j2Test 14 main - trace level
