[INFO ] 2017-10-06 12:56:03,573 METHOD:org.springframework.web.servlet.handler.AbstractHandlerMethodMapping.registerHandlerMethod(AbstractHandlerMethodMapping.java:220):Mapped "{[/applicant/addpage],methods=[GET],params=[],headers=[],consumes=[],produces=[],custom=[]}" onto public java.lang.String pers.hdh.controller.ApplicantController.addpage()
[INFO ] 2017-10-06 12:56:03,574 METHOD:org.springframework.web.servlet.handler.AbstractHandlerMethodMapping.registerHandlerMethod(AbstractHandlerMethodMapping.java:220):Mapped "{[/applicant/add],methods=[POST],params=[],headers=[],consumes=[],produces=[],custom=[]}" onto public java.lang.String pers.hdh.controller.ApplicantController.addApplicant(pers.hdh.bean.Applicant)
[INFO ] 2017-10-06 12:56:03,575 METHOD:org.springframework.web.servlet.handler.AbstractHandlerMethodMapping.registerHandlerMethod(AbstractHandlerMethodMapping.java:220):Mapped "{[/applicant/],methods=[POST],params=[],headers=[],consumes=[],produces=[],custom=[]}" onto public java.lang.String pers.hdh.controller.ApplicantController.getApplicant(java.lang.Integer,org.springframework.ui.Model)
[INFO ] 2017-10-06 12:56:03,576 METHOD:org.springframework.web.servlet.handler.AbstractHandlerMethodMapping.registerHandlerMethod(AbstractHandlerMethodMapping.java:220):Mapped "{[/applicant],methods=[GET],params=[],headers=[],consumes=[],produces=[],custom=[]}" onto public java.lang.String pers.hdh.controller.ApplicantController.getApplicants(org.springframework.ui.Model)
[INFO ] 2017-10-06 12:56:03,852 METHOD:org.springframework.web.servlet.mvc.method.annotation.RequestMappingHandlerAdapter.initControllerAdviceCache(RequestMappingHandlerAdapter.java:518):Looking for @ControllerAdvice: WebApplicationContext for namespace 'mvc-dispatcher-servlet': startup date [Fri Oct 06 12:56:03 CST 2017]; parent: Root WebApplicationContext
[INFO ] 2017-10-06 12:56:03,891 METHOD:org.springframework.web.servlet.mvc.method.annotation.RequestMappingHandlerAdapter.initControllerAdviceCache(RequestMappingHandlerAdapter.java:518):Looking for @ControllerAdvice: WebApplicationContext for namespace 'mvc-dispatcher-servlet': startup date [Fri Oct 06 12:56:03 CST 2017]; parent: Root WebApplicationContext
[INFO ] 2017-10-06 12:56:03,975 METHOD:org.springframework.web.servlet.FrameworkServlet.initServletBean(FrameworkServlet.java:503):FrameworkServlet 'mvc-dispatcher': initialization completed in 680 ms
[INFO ] 2017-10-06 13:14:30,896 METHOD:org.springframework.web.context.ContextLoader.initWebApplicationContext(ContextLoader.java:285):Root WebApplicationContext: initialization started
[INFO ] 2017-10-06 13:14:30,952 METHOD:org.springframework.context.support.AbstractApplicationContext.prepareRefresh(AbstractApplicationContext.java:510):Refreshing Root WebApplicationContext: startup date [Fri Oct 06 13:14:30 CST 2017]; root of context hierarchy
[INFO ] 2017-10-06 13:14:30,978 METHOD:org.springframework.beans.factory.xml.XmlBeanDefinitionReader.loadBeanDefinitions(XmlBeanDefinitionReader.java:317):Loading XML bean definitions from ServletContext resource [/WEB-INF/configs/spring/applicationContext.xml]
[INFO ] 2017-10-06 13:14:31,141 METHOD:org.springframework.beans.factory.annotation.AutowiredAnnotationBeanPostProcessor.<init>(AutowiredAnnotationBeanPostProcessor.java:153):JSR-330 'javax.inject.Inject' annotation found and supported for autowiring
[INFO ] 2017-10-06 13:14:31,160 METHOD:org.springframework.web.context.ContextLoader.initWebApplicationContext(ContextLoader.java:325):Root WebApplicationContext: initialization completed in 262 ms
[INFO ] 2017-10-06 13:14:31,215 METHOD:org.springframework.web.servlet.FrameworkServlet.initServletBean(FrameworkServlet.java:484):FrameworkServlet 'mvc-dispatcher': initialization started
[INFO ] 2017-10-06 13:14:31,217 METHOD:org.springframework.context.support.AbstractApplicationContext.prepareRefresh(AbstractApplicationContext.java:510):Refreshing WebApplicationContext for namespace 'mvc-dispatcher-servlet': startup date [Fri Oct 06 13:14:31 CST 2017]; parent: Root WebApplicationContext
[INFO ] 2017-10-06 13:14:31,218 METHOD:org.springframework.beans.factory.xml.XmlBeanDefinitionReader.loadBeanDefinitions(XmlBeanDefinitionReader.java:317):Loading XML bean definitions from ServletContext resource [/WEB-INF/configs/spring/mvc-dispatcher-servlet.xml]
[INFO ] 2017-10-06 13:14:31,312 METHOD:org.springframework.beans.factory.annotation.AutowiredAnnotationBeanPostProcessor.<init>(AutowiredAnnotationBeanPostProcessor.java:153):JSR-330 'javax.inject.Inject' annotation found and supported for autowiring
[INFO ] 2017-10-06 13:14:31,555 METHOD:org.springframework.web.servlet.handler.AbstractHandlerMethodMapping.registerHandlerMethod(AbstractHandlerMethodMapping.java:220):Mapped "{[/applicant/add],methods=[POST],params=[],headers=[],consumes=[],produces=[],custom=[]}" onto public java.lang.String pers.hdh.controller.ApplicantController.addApplicant(pers.hdh.bean.Applicant)
[INFO ] 2017-10-06 13:14:31,555 METHOD:org.springframework.web.servlet.handler.AbstractHandlerMethodMapping.registerHandlerMethod(AbstractHandlerMethodMapping.java:220):Mapped "{[/applicant/editpage/{id}],methods=[GET],params=[],headers=[],consumes=[],produces=[],custom=[]}" onto public java.lang.String pers.hdh.controller.ApplicantController.editPage(java.lang.Integer,org.springframework.ui.Model)
[INFO ] 2017-10-06 13:14:31,556 METHOD:org.springframework.web.servlet.handler.AbstractHandlerMethodMapping.registerHandlerMethod(AbstractHandlerMethodMapping.java:220):Mapped "{[/applicant/addpage],methods=[GET],params=[],headers=[],consumes=[],produces=[],custom=[]}" onto public java.lang.String pers.hdh.controller.ApplicantController.addpage()
[INFO ] 2017-10-06 13:14:31,556 METHOD:org.springframework.web.servlet.handler.AbstractHandlerMethodMapping.registerHandlerMethod(AbstractHandlerMethodMapping.java:220):Mapped "{[/applicant/],methods=[POST],params=[],headers=[],consumes=[],produces=[],custom=[]}" onto public java.lang.String pers.hdh.controller.ApplicantController.getApplicant(java.lang.Integer,org.springframework.ui.Model)
[INFO ] 2017-10-06 13:14:31,557 METHOD:org.springframework.web.servlet.handler.AbstractHandlerMethodMapping.registerHandlerMethod(AbstractHandlerMethodMapping.java:220):Mapped "{[/applicant],methods=[GET],params=[],headers=[],consumes=[],produces=[],custom=[]}" onto public java.lang.String pers.hdh.controller.ApplicantController.getApplicants(org.springframework.ui.Model)
[INFO ] 2017-10-06 13:14:31,761 METHOD:org.springframework.web.servlet.mvc.method.annotation.RequestMappingHandlerAdapter.initControllerAdviceCache(RequestMappingHandlerAdapter.java:518):Looking for @ControllerAdvice: WebApplicationContext for namespace 'mvc-dispatcher-servlet': startup date [Fri Oct 06 13:14:31 CST 2017]; parent: Root WebApplicationContext
[INFO ] 2017-10-06 13:14:31,793 METHOD:org.springframework.web.servlet.mvc.method.annotation.RequestMappingHandlerAdapter.initControllerAdviceCache(RequestMappingHandlerAdapter.java:518):Looking for @ControllerAdvice: WebApplicationContext for namespace 'mvc-dispatcher-servlet': startup date [Fri Oct 06 13:14:31 CST 2017]; parent: Root WebApplicationContext
[INFO ] 2017-10-06 13:14:31,878 METHOD:org.springframework.web.servlet.FrameworkServlet.initServletBean(FrameworkServlet.java:503):FrameworkServlet 'mvc-dispatcher': initialization completed in 663 ms
[INFO ] 2017-10-06 13:19:17,559 METHOD:org.springframework.web.context.ContextLoader.initWebApplicationContext(ContextLoader.java:285):Root WebApplicationContext: initialization started
[INFO ] 2017-10-06 13:19:17,613 METHOD:org.springframework.context.support.AbstractApplicationContext.prepareRefresh(AbstractApplicationContext.java:510):Refreshing Root WebApplicationContext: startup date [Fri Oct 06 13:19:17 CST 2017]; root of context hierarchy
[INFO ] 2017-10-06 13:19:17,642 METHOD:org.springframework.beans.factory.xml.XmlBeanDefinitionReader.loadBeanDefinitions(XmlBeanDefinitionReader.java:317):Loading XML bean definitions from ServletContext resource [/WEB-INF/configs/spring/applicationContext.xml]
[INFO ] 2017-10-06 13:19:17,824 METHOD:org.springframework.beans.factory.annotation.AutowiredAnnotationBeanPostProcessor.<init>(AutowiredAnnotationBeanPostProcessor.java:153):JSR-330 'javax.inject.Inject' annotation found and supported for autowiring
[INFO ] 2017-10-06 13:19:17,845 METHOD:org.springframework.web.context.ContextLoader.initWebApplicationContext(ContextLoader.java:325):Root WebApplicationContext: initialization completed in 284 ms
[INFO ] 2017-10-06 13:19:17,898 METHOD:org.springframework.web.servlet.FrameworkServlet.initServletBean(FrameworkServlet.java:484):FrameworkServlet 'mvc-dispatcher': initialization started
[INFO ] 2017-10-06 13:19:17,901 METHOD:org.springframework.context.support.AbstractApplicationContext.prepareRefresh(AbstractApplicationContext.java:510):Refreshing WebApplicationContext for namespace 'mvc-dispatcher-servlet': startup date [Fri Oct 06 13:19:17 CST 2017]; parent: Root WebApplicationContext
[INFO ] 2017-10-06 13:19:17,902 METHOD:org.springframework.beans.factory.xml.XmlBeanDefinitionReader.loadBeanDefinitions(XmlBeanDefinitionReader.java:317):Loading XML bean definitions from ServletContext resource [/WEB-INF/configs/spring/mvc-dispatcher-servlet.xml]
[INFO ] 2017-10-06 13:19:17,989 METHOD:org.springframework.beans.factory.annotation.AutowiredAnnotationBeanPostProcessor.<init>(AutowiredAnnotationBeanPostProcessor.java:153):JSR-330 'javax.inject.Inject' annotation found and supported for autowiring
[INFO ] 2017-10-06 13:19:18,155 METHOD:org.springframework.web.servlet.handler.AbstractHandlerMethodMapping.registerHandlerMethod(AbstractHandlerMethodMapping.java:220):Mapped "{[/applicant/],methods=[PUT],params=[],headers=[],consumes=[],produces=[],custom=[]}" onto public java.lang.String pers.hdh.controller.ApplicantController.update(pers.hdh.bean.Applicant)
[INFO ] 2017-10-06 13:19:18,156 METHOD:org.springframework.web.servlet.handler.AbstractHandlerMethodMapping.registerHandlerMethod(AbstractHandlerMethodMapping.java:220):Mapped "{[/applicant/],methods=[POST],params=[],headers=[],consumes=[],produces=[],custom=[]}" onto public java.lang.String pers.hdh.controller.ApplicantController.getApplicant(java.lang.Integer,org.springframework.ui.Model)
[INFO ] 2017-10-06 13:19:18,156 METHOD:org.springframework.web.servlet.handler.AbstractHandlerMethodMapping.registerHandlerMethod(AbstractHandlerMethodMapping.java:220):Mapped "{[/applicant],methods=[GET],params=[],headers=[],consumes=[],produces=[],custom=[]}" onto public java.lang.String pers.hdh.controller.ApplicantController.getApplicants(org.springframework.ui.Model)
[INFO ] 2017-10-06 13:19:18,157 METHOD:org.springframework.web.servlet.handler.AbstractHandlerMethodMapping.registerHandlerMethod(AbstractHandlerMethodMapping.java:220):Mapped "{[/applicant/addpage],methods=[GET],params=[],headers=[],consumes=[],produces=[],custom=[]}" onto public java.lang.String pers.hdh.controller.ApplicantController.addpage()
[INFO ] 2017-10-06 13:19:18,157 METHOD:org.springframework.web.servlet.handler.AbstractHandlerMethodMapping.registerHandlerMethod(AbstractHandlerMethodMapping.java:220):Mapped "{[/applicant/editpage/{id}],methods=[GET],params=[],headers=[],consumes=[],produces=[],custom=[]}" onto public java.lang.String pers.hdh.controller.ApplicantController.editPage(java.lang.Integer,org.springframework.ui.Model)
[INFO ] 2017-10-06 13:19:18,158 METHOD:org.springframework.web.servlet.handler.AbstractHandlerMethodMapping.registerHandlerMethod(AbstractHandlerMethodMapping.java:220):Mapped "{[/applicant/add],methods=[POST],params=[],headers=[],consumes=[],produces=[],custom=[]}" onto public java.lang.String pers.hdh.controller.ApplicantController.addApplicant(pers.hdh.bean.Applicant)
[INFO ] 2017-10-06 13:19:18,380 METHOD:org.springframework.web.servlet.mvc.method.annotation.RequestMappingHandlerAdapter.initControllerAdviceCache(RequestMappingHandlerAdapter.java:518):Looking for @ControllerAdvice: WebApplicationContext for namespace 'mvc-dispatcher-servlet': startup date [Fri Oct 06 13:19:17 CST 2017]; parent: Root WebApplicationContext
[INFO ] 2017-10-06 13:19:18,408 METHOD:org.springframework.web.servlet.mvc.method.annotation.RequestMappingHandlerAdapter.initControllerAdviceCache(RequestMappingHandlerAdapter.java:518):Looking for @ControllerAdvice: WebApplicationContext for namespace 'mvc-dispatcher-servlet': startup date [Fri Oct 06 13:19:17 CST 2017]; parent: Root WebApplicationContext
[INFO ] 2017-10-06 13:19:18,496 METHOD:org.springframework.web.servlet.FrameworkServlet.initServletBean(FrameworkServlet.java:503):FrameworkServlet 'mvc-dispatcher': initialization completed in 597 ms
[WARN ] 2017-10-06 13:19:35,040 METHOD:org.springframework.web.servlet.mvc.support.DefaultHandlerExceptionResolver.handleHttpRequestMethodNotSupported(DefaultHandlerExceptionResolver.java:198):Request method 'GET' not supported
[WARN ] 2017-10-06 13:19:46,781 METHOD:org.springframework.web.servlet.mvc.support.DefaultHandlerExceptionResolver.handleHttpRequestMethodNotSupported(DefaultHandlerExceptionResolver.java:198):Request method 'GET' not supported
[WARN ] 2017-10-06 13:20:03,409 METHOD:org.springframework.web.servlet.mvc.support.DefaultHandlerExceptionResolver.handleHttpRequestMethodNotSupported(DefaultHandlerExceptionResolver.java:198):Request method 'POST' not supported
[WARN ] 2017-10-06 13:35:56,203 METHOD:org.springframework.web.servlet.mvc.support.DefaultHandlerExceptionResolver.handleHttpRequestMethodNotSupported(DefaultHandlerExceptionResolver.java:198):Request method 'PUT' not supported
[WARN ] 2017-10-06 13:36:08,263 METHOD:org.springframework.web.servlet.mvc.support.DefaultHandlerExceptionResolver.handleHttpRequestMethodNotSupported(DefaultHandlerExceptionResolver.java:198):Request method 'PUT' not supported
[WARN ] 2017-10-06 13:36:15,655 METHOD:org.springframework.web.servlet.mvc.support.DefaultHandlerExceptionResolver.handleHttpRequestMethodNotSupported(DefaultHandlerExceptionResolver.java:198):Request method 'POST' not supported
[INFO ] 2017-10-06 13:45:55,263 METHOD:org.springframework.web.context.ContextLoader.initWebApplicationContext(ContextLoader.java:285):Root WebApplicationContext: initialization started
[INFO ] 2017-10-06 13:45:55,322 METHOD:org.springframework.context.support.AbstractApplicationContext.prepareRefresh(AbstractApplicationContext.java:510):Refreshing Root WebApplicationContext: startup date [Fri Oct 06 13:45:55 CST 2017]; root of context hierarchy
[INFO ] 2017-10-06 13:45:55,350 METHOD:org.springframework.beans.factory.xml.XmlBeanDefinitionReader.loadBeanDefinitions(XmlBeanDefinitionReader.java:317):Loading XML bean definitions from ServletContext resource [/WEB-INF/configs/spring/applicationContext.xml]
[INFO ] 2017-10-06 13:45:55,534 METHOD:org.springframework.beans.factory.annotation.AutowiredAnnotationBeanPostProcessor.<init>(AutowiredAnnotationBeanPostProcessor.java:153):JSR-330 'javax.inject.Inject' annotation found and supported for autowiring
[INFO ] 2017-10-06 13:45:55,553 METHOD:org.springframework.web.context.ContextLoader.initWebApplicationContext(ContextLoader.java:325):Root WebApplicationContext: initialization completed in 288 ms
[INFO ] 2017-10-06 13:45:55,612 METHOD:org.springframework.web.servlet.FrameworkServlet.initServletBean(FrameworkServlet.java:484):FrameworkServlet 'mvc-dispatcher': initialization started
[INFO ] 2017-10-06 13:45:55,614 METHOD:org.springframework.context.support.AbstractApplicationContext.prepareRefresh(AbstractApplicationContext.java:510):Refreshing WebApplicationContext for namespace 'mvc-dispatcher-servlet': startup date [Fri Oct 06 13:45:55 CST 2017]; parent: Root WebApplicationContext
[INFO ] 2017-10-06 13:45:55,615 METHOD:org.springframework.beans.factory.xml.XmlBeanDefinitionReader.loadBeanDefinitions(XmlBeanDefinitionReader.java:317):Loading XML bean definitions from ServletContext resource [/WEB-INF/configs/spring/mvc-dispatcher-servlet.xml]
[INFO ] 2017-10-06 13:45:55,706 METHOD:org.springframework.beans.factory.annotation.AutowiredAnnotationBeanPostProcessor.<init>(AutowiredAnnotationBeanPostProcessor.java:153):JSR-330 'javax.inject.Inject' annotation found and supported for autowiring
[INFO ] 2017-10-06 13:45:55,870 METHOD:org.springframework.web.servlet.handler.AbstractHandlerMethodMapping.registerHandlerMethod(AbstractHandlerMethodMapping.java:220):Mapped "{[/applicant/],methods=[PUT],params=[],headers=[],consumes=[],produces=[],custom=[]}" onto public java.lang.String pers.hdh.controller.ApplicantController.update(pers.hdh.bean.Applicant)
[INFO ] 2017-10-06 13:45:55,870 METHOD:org.springframework.web.servlet.handler.AbstractHandlerMethodMapping.registerHandlerMethod(AbstractHandlerMethodMapping.java:220):Mapped "{[/applicant/],methods=[DELETE],params=[],headers=[],consumes=[],produces=[],custom=[]}" onto public java.lang.String pers.hdh.controller.ApplicantController.delete(pers.hdh.bean.Applicant)
[INFO ] 2017-10-06 13:45:55,871 METHOD:org.springframework.web.servlet.handler.AbstractHandlerMethodMapping.registerHandlerMethod(AbstractHandlerMethodMapping.java:220):Mapped "{[/applicant/addpage],methods=[GET],params=[],headers=[],consumes=[],produces=[],custom=[]}" onto public java.lang.String pers.hdh.controller.ApplicantController.addpage()
[INFO ] 2017-10-06 13:45:55,871 METHOD:org.springframework.web.servlet.handler.AbstractHandlerMethodMapping.registerHandlerMethod(AbstractHandlerMethodMapping.java:220):Mapped "{[/applicant/add],methods=[POST],params=[],headers=[],consumes=[],produces=[],custom=[]}" onto public java.lang.String pers.hdh.controller.ApplicantController.addApplicant(pers.hdh.bean.Applicant)
[INFO ] 2017-10-06 13:45:55,872 METHOD:org.springframework.web.servlet.handler.AbstractHandlerMethodMapping.registerHandlerMethod(AbstractHandlerMethodMapping.java:220):Mapped "{[/applicant/editpage/{id}],methods=[GET],params=[],headers=[],consumes=[],produces=[],custom=[]}" onto public java.lang.String pers.hdh.controller.ApplicantController.editPage(java.lang.Integer,org.springframework.ui.Model)
[INFO ] 2017-10-06 13:45:55,872 METHOD:org.springframework.web.servlet.handler.AbstractHandlerMethodMapping.registerHandlerMethod(AbstractHandlerMethodMapping.java:220):Mapped "{[/applicant/],methods=[POST],params=[],headers=[],consumes=[],produces=[],custom=[]}" onto public java.lang.String pers.hdh.controller.ApplicantController.getApplicant(java.lang.Integer,org.springframework.ui.Model)
[INFO ] 2017-10-06 13:45:55,872 METHOD:org.springframework.web.servlet.handler.AbstractHandlerMethodMapping.registerHandlerMethod(AbstractHandlerMethodMapping.java:220):Mapped "{[/applicant],methods=[GET],params=[],headers=[],consumes=[],produces=[],custom=[]}" onto public java.lang.String pers.hdh.controller.ApplicantController.getApplicants(org.springframework.ui.Model)
[INFO ] 2017-10-06 13:45:56,128 METHOD:org.springframework.web.servlet.mvc.method.annotation.RequestMappingHandlerAdapter.initControllerAdviceCache(RequestMappingHandlerAdapter.java:518):Looking for @ControllerAdvice: WebApplicationContext for namespace 'mvc-dispatcher-servlet': startup date [Fri Oct 06 13:45:55 CST 2017]; parent: Root WebApplicationContext
[INFO ] 2017-10-06 13:45:56,166 METHOD:org.springframework.web.servlet.mvc.method.annotation.RequestMappingHandlerAdapter.initControllerAdviceCache(RequestMappingHandlerAdapter.java:518):Looking for @ControllerAdvice: WebApplicationContext for namespace 'mvc-dispatcher-servlet': startup date [Fri Oct 06 13:45:55 CST 2017]; parent: Root WebApplicationContext
[INFO ] 2017-10-06 13:45:56,252 METHOD:org.springframework.web.servlet.FrameworkServlet.initServletBean(FrameworkServlet.java:503):FrameworkServlet 'mvc-dispatcher': initialization completed in 640 ms
[INFO ] 2017-10-06 13:52:19,162 METHOD:org.springframework.web.context.ContextLoader.initWebApplicationContext(ContextLoader.java:285):Root WebApplicationContext: initialization started
[INFO ] 2017-10-06 13:52:19,217 METHOD:org.springframework.context.support.AbstractApplicationContext.prepareRefresh(AbstractApplicationContext.java:510):Refreshing Root WebApplicationContext: startup date [Fri Oct 06 13:52:19 CST 2017]; root of context hierarchy
[INFO ] 2017-10-06 13:52:19,242 METHOD:org.springframework.beans.factory.xml.XmlBeanDefinitionReader.loadBeanDefinitions(XmlBeanDefinitionReader.java:317):Loading XML bean definitions from ServletContext resource [/WEB-INF/configs/spring/applicationContext.xml]
[INFO ] 2017-10-06 13:52:19,435 METHOD:org.springframework.beans.factory.annotation.AutowiredAnnotationBeanPostProcessor.<init>(AutowiredAnnotationBeanPostProcessor.java:153):JSR-330 'javax.inject.Inject' annotation found and supported for autowiring
[INFO ] 2017-10-06 13:52:19,464 METHOD:org.springframework.web.context.ContextLoader.initWebApplicationContext(ContextLoader.java:325):Root WebApplicationContext: initialization completed in 299 ms
[INFO ] 2017-10-06 13:52:19,525 METHOD:org.springframework.web.servlet.FrameworkServlet.initServletBean(FrameworkServlet.java:484):FrameworkServlet 'mvc-dispatcher': initialization started
[INFO ] 2017-10-06 13:52:19,528 METHOD:org.springframework.context.support.AbstractApplicationContext.prepareRefresh(AbstractApplicationContext.java:510):Refreshing WebApplicationContext for namespace 'mvc-dispatcher-servlet': startup date [Fri Oct 06 13:52:19 CST 2017]; parent: Root WebApplicationContext
[INFO ] 2017-10-06 13:52:19,530 METHOD:org.springframework.beans.factory.xml.XmlBeanDefinitionReader.loadBeanDefinitions(XmlBeanDefinitionReader.java:317):Loading XML bean definitions from ServletContext resource [/WEB-INF/configs/spring/mvc-dispatcher-servlet.xml]
[INFO ] 2017-10-06 13:52:19,629 METHOD:org.springframework.beans.factory.annotation.AutowiredAnnotationBeanPostProcessor.<init>(AutowiredAnnotationBeanPostProcessor.java:153):JSR-330 'javax.inject.Inject' annotation found and supported for autowiring
[INFO ] 2017-10-06 13:52:19,829 METHOD:org.springframework.web.servlet.handler.AbstractHandlerMethodMapping.registerHandlerMethod(AbstractHandlerMethodMapping.java:220):Mapped "{[/applicant/],methods=[PUT],params=[],headers=[],consumes=[],produces=[],custom=[]}" onto public java.lang.String pers.hdh.controller.ApplicantController.update(pers.hdh.bean.Applicant)
[INFO ] 2017-10-06 13:52:19,830 METHOD:org.springframework.web.servlet.handler.AbstractHandlerMethodMapping.registerHandlerMethod(AbstractHandlerMethodMapping.java:220):Mapped "{[/applicant/],methods=[DELETE],params=[],headers=[],consumes=[],produces=[],custom=[]}" onto public java.lang.String pers.hdh.controller.ApplicantController.delete(pers.hdh.bean.Applicant)
[INFO ] 2017-10-06 13:52:19,831 METHOD:org.springframework.web.servlet.handler.AbstractHandlerMethodMapping.registerHandlerMethod(AbstractHandlerMethodMapping.java:220):Mapped "{[/applicant/addpage],methods=[GET],params=[],headers=[],consumes=[],produces=[],custom=[]}" onto public java.lang.String pers.hdh.controller.ApplicantController.addpage()
[INFO ] 2017-10-06 13:52:19,831 METHOD:org.springframework.web.servlet.handler.AbstractHandlerMethodMapping.registerHandlerMethod(AbstractHandlerMethodMapping.java:220):Mapped "{[/applicant/editpage/{id}],methods=[GET],params=[],headers=[],consumes=[],produces=[],custom=[]}" onto public java.lang.String pers.hdh.controller.ApplicantController.editPage(java.lang.Integer,org.springframework.ui.Model)
[INFO ] 2017-10-06 13:52:19,832 METHOD:org.springframework.web.servlet.handler.AbstractHandlerMethodMapping.registerHandlerMethod(AbstractHandlerMethodMapping.java:220):Mapped "{[/applicant/add],methods=[POST],params=[],headers=[],consumes=[],produces=[],custom=[]}" onto public java.lang.String pers.hdh.controller.ApplicantController.addApplicant(pers.hdh.bean.Applicant)
[INFO ] 2017-10-06 13:52:19,833 METHOD:org.springframework.web.servlet.handler.AbstractHandlerMethodMapping.registerHandlerMethod(AbstractHandlerMethodMapping.java:220):Mapped "{[/applicant/],methods=[POST],params=[],headers=[],consumes=[],produces=[],custom=[]}" onto public java.lang.String pers.hdh.controller.ApplicantController.getApplicant(java.lang.Integer,org.springframework.ui.Model)
[INFO ] 2017-10-06 13:52:19,833 METHOD:org.springframework.web.servlet.handler.AbstractHandlerMethodMapping.registerHandlerMethod(AbstractHandlerMethodMapping.java:220):Mapped "{[/applicant],methods=[GET],params=[],headers=[],consumes=[],produces=[],custom=[]}" onto public java.lang.String pers.hdh.controller.ApplicantController.getApplicants(org.springframework.ui.Model)
[INFO ] 2017-10-06 13:52:20,097 METHOD:org.springframework.web.servlet.mvc.method.annotation.RequestMappingHandlerAdapter.initControllerAdviceCache(RequestMappingHandlerAdapter.java:518):Looking for @ControllerAdvice: WebApplicationContext for namespace 'mvc-dispatcher-servlet': startup date [Fri Oct 06 13:52:19 CST 2017]; parent: Root WebApplicationContext
[INFO ] 2017-10-06 13:52:20,133 METHOD:org.springframework.web.servlet.mvc.method.annotation.RequestMappingHandlerAdapter.initControllerAdviceCache(RequestMappingHandlerAdapter.java:518):Looking for @ControllerAdvice: WebApplicationContext for namespace 'mvc-dispatcher-servlet': startup date [Fri Oct 06 13:52:19 CST 2017]; parent: Root WebApplicationContext
[INFO ] 2017-10-06 13:52:20,215 METHOD:org.springframework.web.servlet.FrameworkServlet.initServletBean(FrameworkServlet.java:503):FrameworkServlet 'mvc-dispatcher': initialization completed in 690 ms
[INFO ] 2017-10-06 13:54:37,983 METHOD:org.springframework.web.context.ContextLoader.initWebApplicationContext(ContextLoader.java:285):Root WebApplicationContext: initialization started
[INFO ] 2017-10-06 13:54:38,045 METHOD:org.springframework.context.support.AbstractApplicationContext.prepareRefresh(AbstractApplicationContext.java:510):Refreshing Root WebApplicationContext: startup date [Fri Oct 06 13:54:38 CST 2017]; root of context hierarchy
[INFO ] 2017-10-06 13:54:38,076 METHOD:org.springframework.beans.factory.xml.XmlBeanDefinitionReader.loadBeanDefinitions(XmlBeanDefinitionReader.java:317):Loading XML bean definitions from ServletContext resource [/WEB-INF/configs/spring/applicationContext.xml]
[INFO ] 2017-10-06 13:54:38,278 METHOD:org.springframework.beans.factory.annotation.AutowiredAnnotationBeanPostProcessor.<init>(AutowiredAnnotationBeanPostProcessor.java:153):JSR-330 'javax.inject.Inject' annotation found and supported for autowiring
[INFO ] 2017-10-06 13:54:38,300 METHOD:org.springframework.web.context.ContextLoader.initWebApplicationContext(ContextLoader.java:325):Root WebApplicationContext: initialization completed in 314 ms
[INFO ] 2017-10-06 13:54:38,355 METHOD:org.springframework.web.servlet.FrameworkServlet.initServletBean(FrameworkServlet.java:484):FrameworkServlet 'mvc-dispatcher': initialization started
[INFO ] 2017-10-06 13:54:38,358 METHOD:org.springframework.context.support.AbstractApplicationContext.prepareRefresh(AbstractApplicationContext.java:510):Refreshing WebApplicationContext for namespace 'mvc-dispatcher-servlet': startup date [Fri Oct 06 13:54:38 CST 2017]; parent: Root WebApplicationContext
[INFO ] 2017-10-06 13:54:38,359 METHOD:org.springframework.beans.factory.xml.XmlBeanDefinitionReader.loadBeanDefinitions(XmlBeanDefinitionReader.java:317):Loading XML bean definitions from ServletContext resource [/WEB-INF/configs/spring/mvc-dispatcher-servlet.xml]
[INFO ] 2017-10-06 13:54:38,463 METHOD:org.springframework.beans.factory.annotation.AutowiredAnnotationBeanPostProcessor.<init>(AutowiredAnnotationBeanPostProcessor.java:153):JSR-330 'javax.inject.Inject' annotation found and supported for autowiring
[INFO ] 2017-10-06 13:54:38,637 METHOD:org.springframework.web.servlet.handler.AbstractHandlerMethodMapping.registerHandlerMethod(AbstractHandlerMethodMapping.java:220):Mapped "{[/applicant/],methods=[PUT],params=[],headers=[],consumes=[],produces=[],custom=[]}" onto public java.lang.String pers.hdh.controller.ApplicantController.update(pers.hdh.bean.Applicant)
[INFO ] 2017-10-06 13:54:38,638 METHOD:org.springframework.web.servlet.handler.AbstractHandlerMethodMapping.registerHandlerMethod(AbstractHandlerMethodMapping.java:220):Mapped "{[/applicant/],methods=[DELETE],params=[],headers=[],consumes=[],produces=[],custom=[]}" onto public java.lang.String pers.hdh.controller.ApplicantController.delete(java.lang.Integer)
[INFO ] 2017-10-06 13:54:38,639 METHOD:org.springframework.web.servlet.handler.AbstractHandlerMethodMapping.registerHandlerMethod(AbstractHandlerMethodMapping.java:220):Mapped "{[/applicant],methods=[GET],params=[],headers=[],consumes=[],produces=[],custom=[]}" onto public java.lang.String pers.hdh.controller.ApplicantController.getApplicants(org.springframework.ui.Model)
[INFO ] 2017-10-06 13:54:38,639 METHOD:org.springframework.web.servlet.handler.AbstractHandlerMethodMapping.registerHandlerMethod(AbstractHandlerMethodMapping.java:220):Mapped "{[/applicant/],methods=[POST],params=[],headers=[],consumes=[],produces=[],custom=[]}" onto public java.lang.String pers.hdh.controller.ApplicantController.getApplicant(java.lang.Integer,org.springframework.ui.Model)
[INFO ] 2017-10-06 13:54:38,640 METHOD:org.springframework.web.servlet.handler.AbstractHandlerMethodMapping.registerHandlerMethod(AbstractHandlerMethodMapping.java:220):Mapped "{[/applicant/addpage],methods=[GET],params=[],headers=[],consumes=[],produces=[],custom=[]}" onto public java.lang.String pers.hdh.controller.ApplicantController.addpage()
[INFO ] 2017-10-06 13:54:38,640 METHOD:org.springframework.web.servlet.handler.AbstractHandlerMethodMapping.registerHandlerMethod(AbstractHandlerMethodMapping.java:220):Mapped "{[/applicant/add],methods=[POST],params=[],headers=[],consumes=[],produces=[],custom=[]}" onto public java.lang.String pers.hdh.controller.ApplicantController.addApplicant(pers.hdh.bean.Applicant)
[INFO ] 2017-10-06 13:54:38,641 METHOD:org.springframework.web.servlet.handler.AbstractHandlerMethodMapping.registerHandlerMethod(AbstractHandlerMethodMapping.java:220):Mapped "{[/applicant/editpage/{id}],methods=[GET],params=[],headers=[],consumes=[],produces=[],custom=[]}" onto public java.lang.String pers.hdh.controller.ApplicantController.editPage(java.lang.Integer,org.springframework.ui.Model)
[INFO ] 2017-10-06 13:54:38,878 METHOD:org.springframework.web.servlet.mvc.method.annotation.RequestMappingHandlerAdapter.initControllerAdviceCache(RequestMappingHandlerAdapter.java:518):Looking for @ControllerAdvice: WebApplicationContext for namespace 'mvc-dispatcher-servlet': startup date [Fri Oct 06 13:54:38 CST 2017]; parent: Root WebApplicationContext
[INFO ] 2017-10-06 13:54:38,917 METHOD:org.springframework.web.servlet.mvc.method.annotation.RequestMappingHandlerAdapter.initControllerAdviceCache(RequestMappingHandlerAdapter.java:518):Looking for @ControllerAdvice: WebApplicationContext for namespace 'mvc-dispatcher-servlet': startup date [Fri Oct 06 13:54:38 CST 2017]; parent: Root WebApplicationContext
[INFO ] 2017-10-06 13:54:39,005 METHOD:org.springframework.web.servlet.FrameworkServlet.initServletBean(FrameworkServlet.java:503):FrameworkServlet 'mvc-dispatcher': initialization completed in 649 ms
[INFO ] 2017-10-06 13:56:20,959 METHOD:org.springframework.web.context.ContextLoader.initWebApplicationContext(ContextLoader.java:285):Root WebApplicationContext: initialization started
[INFO ] 2017-10-06 13:56:21,014 METHOD:org.springframework.context.support.AbstractApplicationContext.prepareRefresh(AbstractApplicationContext.java:510):Refreshing Root WebApplicationContext: startup date [Fri Oct 06 13:56:21 CST 2017]; root of context hierarchy
[INFO ] 2017-10-06 13:56:21,046 METHOD:org.springframework.beans.factory.xml.XmlBeanDefinitionReader.loadBeanDefinitions(XmlBeanDefinitionReader.java:317):Loading XML bean definitions from ServletContext resource [/WEB-INF/configs/spring/applicationContext.xml]
[INFO ] 2017-10-06 13:56:21,236 METHOD:org.springframework.beans.factory.annotation.AutowiredAnnotationBeanPostProcessor.<init>(AutowiredAnnotationBeanPostProcessor.java:153):JSR-330 'javax.inject.Inject' annotation found and supported for autowiring
[INFO ] 2017-10-06 13:56:21,259 METHOD:org.springframework.web.context.ContextLoader.initWebApplicationContext(ContextLoader.java:325):Root WebApplicationContext: initialization completed in 298 ms
[INFO ] 2017-10-06 13:56:21,312 METHOD:org.springframework.web.servlet.FrameworkServlet.initServletBean(FrameworkServlet.java:484):FrameworkServlet 'mvc-dispatcher': initialization started
[INFO ] 2017-10-06 13:56:21,314 METHOD:org.springframework.context.support.AbstractApplicationContext.prepareRefresh(AbstractApplicationContext.java:510):Refreshing WebApplicationContext for namespace 'mvc-dispatcher-servlet': startup date [Fri Oct 06 13:56:21 CST 2017]; parent: Root WebApplicationContext
[INFO ] 2017-10-06 13:56:21,315 METHOD:org.springframework.beans.factory.xml.XmlBeanDefinitionReader.loadBeanDefinitions(XmlBeanDefinitionReader.java:317):Loading XML bean definitions from ServletContext resource [/WEB-INF/configs/spring/mvc-dispatcher-servlet.xml]
[INFO ] 2017-10-06 13:56:21,408 METHOD:org.springframework.beans.factory.annotation.AutowiredAnnotationBeanPostProcessor.<init>(AutowiredAnnotationBeanPostProcessor.java:153):JSR-330 'javax.inject.Inject' annotation found and supported for autowiring
[INFO ] 2017-10-06 13:56:21,566 METHOD:org.springframework.web.servlet.handler.AbstractHandlerMethodMapping.registerHandlerMethod(AbstractHandlerMethodMapping.java:220):Mapped "{[/applicant/],methods=[PUT],params=[],headers=[],consumes=[],produces=[],custom=[]}" onto public java.lang.String pers.hdh.controller.ApplicantController.update(pers.hdh.bean.Applicant)
[INFO ] 2017-10-06 13:56:21,567 METHOD:org.springframework.web.servlet.handler.AbstractHandlerMethodMapping.registerHandlerMethod(AbstractHandlerMethodMapping.java:220):Mapped "{[/applicant/{id}],methods=[DELETE],params=[],headers=[],consumes=[],produces=[],custom=[]}" onto public java.lang.String pers.hdh.controller.ApplicantController.delete(java.lang.Integer)
[INFO ] 2017-10-06 13:56:21,568 METHOD:org.springframework.web.servlet.handler.AbstractHandlerMethodMapping.registerHandlerMethod(AbstractHandlerMethodMapping.java:220):Mapped "{[/applicant/addpage],methods=[GET],params=[],headers=[],consumes=[],produces=[],custom=[]}" onto public java.lang.String pers.hdh.controller.ApplicantController.addpage()
[INFO ] 2017-10-06 13:56:21,568 METHOD:org.springframework.web.servlet.handler.AbstractHandlerMethodMapping.registerHandlerMethod(AbstractHandlerMethodMapping.java:220):Mapped "{[/applicant/add],methods=[POST],params=[],headers=[],consumes=[],produces=[],custom=[]}" onto public java.lang.String pers.hdh.controller.ApplicantController.addApplicant(pers.hdh.bean.Applicant)
[INFO ] 2017-10-06 13:56:21,569 METHOD:org.springframework.web.servlet.handler.AbstractHandlerMethodMapping.registerHandlerMethod(AbstractHandlerMethodMapping.java:220):Mapped "{[/applicant/editpage/{id}],methods=[GET],params=[],headers=[],consumes=[],produces=[],custom=[]}" onto public java.lang.String pers.hdh.controller.ApplicantController.editPage(java.lang.Integer,org.springframework.ui.Model)
[INFO ] 2017-10-06 13:56:21,569 METHOD:org.springframework.web.servlet.handler.AbstractHandlerMethodMapping.registerHandlerMethod(AbstractHandlerMethodMapping.java:220):Mapped "{[/applicant/],methods=[POST],params=[],headers=[],consumes=[],produces=[],custom=[]}" onto public java.lang.String pers.hdh.controller.ApplicantController.getApplicant(java.lang.Integer,org.springframework.ui.Model)
[INFO ] 2017-10-06 13:56:21,570 METHOD:org.springframework.web.servlet.handler.AbstractHandlerMethodMapping.registerHandlerMethod(AbstractHandlerMethodMapping.java:220):Mapped "{[/applicant],methods=[GET],params=[],headers=[],consumes=[],produces=[],custom=[]}" onto public java.lang.String pers.hdh.controller.ApplicantController.getApplicants(org.springframework.ui.Model)
[INFO ] 2017-10-06 13:56:21,784 METHOD:org.springframework.web.servlet.mvc.method.annotation.RequestMappingHandlerAdapter.initControllerAdviceCache(RequestMappingHandlerAdapter.java:518):Looking for @ControllerAdvice: WebApplicationContext for namespace 'mvc-dispatcher-servlet': startup date [Fri Oct 06 13:56:21 CST 2017]; parent: Root WebApplicationContext
[INFO ] 2017-10-06 13:56:21,816 METHOD:org.springframework.web.servlet.mvc.method.annotation.RequestMappingHandlerAdapter.initControllerAdviceCache(RequestMappingHandlerAdapter.java:518):Looking for @ControllerAdvice: WebApplicationContext for namespace 'mvc-dispatcher-servlet': startup date [Fri Oct 06 13:56:21 CST 2017]; parent: Root WebApplicationContext
[INFO ] 2017-10-06 13:56:21,899 METHOD:org.springframework.web.servlet.FrameworkServlet.initServletBean(FrameworkServlet.java:503):FrameworkServlet 'mvc-dispatcher': initialization completed in 587 ms
[INFO ] 2017-10-06 13:56:27,848 METHOD:pers.hdh.controller.ApplicantController.delete(ApplicantController.java:104):12
[INFO ] 2017-10-06 13:57:40,056 METHOD:pers.hdh.controller.ApplicantController.delete(ApplicantController.java:104):22
[INFO ] 2017-10-06 14:00:19,055 METHOD:org.springframework.web.context.ContextLoader.initWebApplicationContext(ContextLoader.java:285):Root WebApplicationContext: initialization started
[INFO ] 2017-10-06 14:00:19,118 METHOD:org.springframework.context.support.AbstractApplicationContext.prepareRefresh(AbstractApplicationContext.java:510):Refreshing Root WebApplicationContext: startup date [Fri Oct 06 14:00:19 CST 2017]; root of context hierarchy
[INFO ] 2017-10-06 14:00:19,148 METHOD:org.springframework.beans.factory.xml.XmlBeanDefinitionReader.loadBeanDefinitions(XmlBeanDefinitionReader.java:317):Loading XML bean definitions from ServletContext resource [/WEB-INF/configs/spring/applicationContext.xml]
[INFO ] 2017-10-06 14:00:19,339 METHOD:org.springframework.beans.factory.annotation.AutowiredAnnotationBeanPostProcessor.<init>(AutowiredAnnotationBeanPostProcessor.java:153):JSR-330 'javax.inject.Inject' annotation found and supported for autowiring
[INFO ] 2017-10-06 14:00:19,358 METHOD:org.springframework.web.context.ContextLoader.initWebApplicationContext(ContextLoader.java:325):Root WebApplicationContext: initialization completed in 300 ms
[INFO ] 2017-10-06 14:00:19,411 METHOD:org.springframework.web.servlet.FrameworkServlet.initServletBean(FrameworkServlet.java:484):FrameworkServlet 'mvc-dispatcher': initialization started
[INFO ] 2017-10-06 14:00:19,413 METHOD:org.springframework.context.support.AbstractApplicationContext.prepareRefresh(AbstractApplicationContext.java:510):Refreshing WebApplicationContext for namespace 'mvc-dispatcher-servlet': startup date [Fri Oct 06 14:00:19 CST 2017]; parent: Root WebApplicationContext
[INFO ] 2017-10-06 14:00:19,414 METHOD:org.springframework.beans.factory.xml.XmlBeanDefinitionReader.loadBeanDefinitions(XmlBeanDefinitionReader.java:317):Loading XML bean definitions from ServletContext resource [/WEB-INF/configs/spring/mvc-dispatcher-servlet.xml]
[INFO ] 2017-10-06 14:00:19,507 METHOD:org.springframework.beans.factory.annotation.AutowiredAnnotationBeanPostProcessor.<init>(AutowiredAnnotationBeanPostProcessor.java:153):JSR-330 'javax.inject.Inject' annotation found and supported for autowiring
[INFO ] 2017-10-06 14:00:19,869 METHOD:org.springframework.web.servlet.handler.AbstractHandlerMethodMapping.registerHandlerMethod(AbstractHandlerMethodMapping.java:220):Mapped "{[/applicant/],methods=[PUT],params=[],headers=[],consumes=[],produces=[],custom=[]}" onto public java.lang.String pers.hdh.controller.ApplicantController.update(pers.hdh.bean.Applicant)
[INFO ] 2017-10-06 14:00:19,870 METHOD:org.springframework.web.servlet.handler.AbstractHandlerMethodMapping.registerHandlerMethod(AbstractHandlerMethodMapping.java:220):Mapped "{[/applicant/{id}],methods=[DELETE],params=[],headers=[],consumes=[],produces=[],custom=[]}" onto public java.lang.String pers.hdh.controller.ApplicantController.delete(java.lang.Integer)
[INFO ] 2017-10-06 14:00:19,871 METHOD:org.springframework.web.servlet.handler.AbstractHandlerMethodMapping.registerHandlerMethod(AbstractHandlerMethodMapping.java:220):Mapped "{[/applicant/addpage],methods=[GET],params=[],headers=[],consumes=[],produces=[],custom=[]}" onto public java.lang.String pers.hdh.controller.ApplicantController.addpage()
[INFO ] 2017-10-06 14:00:19,873 METHOD:org.springframework.web.servlet.handler.AbstractHandlerMethodMapping.registerHandlerMethod(AbstractHandlerMethodMapping.java:220):Mapped "{[/applicant/add],methods=[POST],params=[],headers=[],consumes=[],produces=[],custom=[]}" onto public java.lang.String pers.hdh.controller.ApplicantController.addApplicant(pers.hdh.bean.Applicant)
[INFO ] 2017-10-06 14:00:19,874 METHOD:org.springframework.web.servlet.handler.AbstractHandlerMethodMapping.registerHandlerMethod(AbstractHandlerMethodMapping.java:220):Mapped "{[/applicant/editpage/{id}],methods=[GET],params=[],headers=[],consumes=[],produces=[],custom=[]}" onto public java.lang.String pers.hdh.controller.ApplicantController.editPage(java.lang.Integer,org.springframework.ui.Model)
[INFO ] 2017-10-06 14:00:19,875 METHOD:org.springframework.web.servlet.handler.AbstractHandlerMethodMapping.registerHandlerMethod(AbstractHandlerMethodMapping.java:220):Mapped "{[/applicant/],methods=[POST],params=[],headers=[],consumes=[],produces=[],custom=[]}" onto public java.lang.String pers.hdh.controller.ApplicantController.getApplicant(java.lang.Integer,org.springframework.ui.Model)
[INFO ] 2017-10-06 14:00:19,875 METHOD:org.springframework.web.servlet.handler.AbstractHandlerMethodMapping.registerHandlerMethod(AbstractHandlerMethodMapping.java:220):Mapped "{[/applicant],methods=[GET],params=[],headers=[],consumes=[],produces=[],custom=[]}" onto public java.lang.String pers.hdh.controller.ApplicantController.getApplicants(org.springframework.ui.Model)
[INFO ] 2017-10-06 14:00:20,148 METHOD:org.springframework.web.servlet.mvc.method.annotation.RequestMappingHandlerAdapter.initControllerAdviceCache(RequestMappingHandlerAdapter.java:518):Looking for @ControllerAdvice: WebApplicationContext for namespace 'mvc-dispatcher-servlet': startup date [Fri Oct 06 14:00:19 CST 2017]; parent: Root WebApplicationContext
[INFO ] 2017-10-06 14:00:20,186 METHOD:org.springframework.web.servlet.mvc.method.annotation.RequestMappingHandlerAdapter.initControllerAdviceCache(RequestMappingHandlerAdapter.java:518):Looking for @ControllerAdvice: WebApplicationContext for namespace 'mvc-dispatcher-servlet': startup date [Fri Oct 06 14:00:19 CST 2017]; parent: Root WebApplicationContext
[INFO ] 2017-10-06 14:00:20,281 METHOD:org.springframework.web.servlet.FrameworkServlet.initServletBean(FrameworkServlet.java:503):FrameworkServlet 'mvc-dispatcher': initialization completed in 870 ms
